build/app/intermediates/manifest_merge_blame_file/release/manifest-merger-blame-release-report.txt
1<?xml version="1.0" encoding="utf-8"?>
2<manifest xmlns:android="http://schemas.android.com/apk/res/android"
3    package="com.example.Social_Spark"
4    android:versionCode="1"
5    android:versionName="1.0.0" >
6
7    <uses-sdk
8        android:minSdkVersion="16"
8-->src\main\AndroidManifest.xml
9        android:targetSdkVersion="29" />
9-->src\main\AndroidManifest.xml
10
11    <uses-permission android:name="android.permission.ACCESS_NETWORK_STATE" />
11-->[:firebase_analytics] AndroidManifest.xml:7:5-79
11-->[:firebase_analytics] AndroidManifest.xml:7:22-76
12    <uses-permission android:name="android.permission.INTERNET" />
12-->[:firebase_analytics] AndroidManifest.xml:8:5-67
12-->[:firebase_analytics] AndroidManifest.xml:8:22-64
13    <uses-permission android:name="android.permission.WAKE_LOCK" />
13-->[:firebase_analytics] AndroidManifest.xml:9:5-68
13-->[:firebase_analytics] AndroidManifest.xml:9:22-65
14    <uses-permission android:name="android.permission.READ_EXTERNAL_STORAGE" />
14-->[:image_picker] AndroidManifest.xml:7:5-80
14-->[:image_picker] AndroidManifest.xml:7:22-77
15    <uses-permission android:name="android.permission.WRITE_EXTERNAL_STORAGE" />
15-->[:image_picker] AndroidManifest.xml:8:5-81
15-->[:image_picker] AndroidManifest.xml:8:22-78
16    <uses-permission android:name="android.permission.ACCESS_COARSE_LOCATION" />
16-->[:location] AndroidManifest.xml:7:5-81
16-->[:location] AndroidManifest.xml:7:22-78
17    <uses-permission android:name="android.permission.ACCESS_FINE_LOCATION" /> <!-- Required by older versions of Google Play services to create IID tokens -->
17-->[:location] AndroidManifest.xml:8:5-79
17-->[:location] AndroidManifest.xml:8:22-76
18    <uses-permission android:name="com.google.android.c2dm.permission.RECEIVE" />
18-->[com.google.firebase:firebase-iid:21.0.0] AndroidManifest.xml:26:5-82
18-->[com.google.firebase:firebase-iid:21.0.0] AndroidManifest.xml:26:22-79
19    <uses-permission android:name="com.google.android.finsky.permission.BIND_GET_INSTALL_REFERRER_SERVICE" />
19-->[com.google.android.gms:play-services-measurement:18.0.0] AndroidManifest.xml:26:5-110
19-->[com.google.android.gms:play-services-measurement:18.0.0] AndroidManifest.xml:26:22-107
20    <!--
21 io.flutter.app.FlutterApplication is an android.app.Application that
22         calls FlutterMain.startInitialization(this); in its onCreate method.
23         In most cases you can leave this as-is, but you if you want to provide
24         additional functionality it is fine to subclass or reimplement
25         FlutterApplication and put your custom class here.
26    -->
27    <application
27-->src\main\AndroidManifest.xml:8:5-51:19
28        android:name="io.flutter.app.FlutterApplication"
28-->src\main\AndroidManifest.xml:9:9-57
29        android:appComponentFactory="androidx.core.app.CoreComponentFactory"
29-->[androidx.core:core:1.1.0] AndroidManifest.xml:24:18-86
30        android:icon="@mipmap/ic_launcher"
30-->src\main\AndroidManifest.xml:11:9-43
31        android:label="Social Spark" >
31-->src\main\AndroidManifest.xml:10:9-37
32        <activity
32-->src\main\AndroidManifest.xml:12:9-45:20
33            android:name="com.example.Social_Spark.MainActivity"
33-->src\main\AndroidManifest.xml:13:13-41
34            android:configChanges="orientation|keyboardHidden|keyboard|screenSize|smallestScreenSize|locale|layoutDirection|fontScale|screenLayout|density|uiMode"
34-->src\main\AndroidManifest.xml:16:13-163
35            android:hardwareAccelerated="true"
35-->src\main\AndroidManifest.xml:17:13-47
36            android:launchMode="singleTop"
36-->src\main\AndroidManifest.xml:14:13-43
37            android:theme="@style/LaunchTheme"
37-->src\main\AndroidManifest.xml:15:13-47
38            android:windowSoftInputMode="adjustResize" >
38-->src\main\AndroidManifest.xml:18:13-55
39
40            <!--
41                 Specifies an Android theme to apply to this Activity as soon as
42                 the Android process has started. This theme is visible to the user
43                 while the Flutter UI initializes. After that, this theme continues
44                 to determine the Window background behind the Flutter UI.
45            -->
46            <meta-data
46-->src\main\AndroidManifest.xml:23:13-26:17
47                android:name="io.flutter.embedding.android.NormalTheme"
47-->src\main\AndroidManifest.xml:24:15-70
48                android:resource="@style/NormalTheme" />
48-->src\main\AndroidManifest.xml:25:15-52
49
50            <!--
51                 Displays an Android View that continues showing the launch screen
52                 Drawable until Flutter paints its first frame, then this splash
53                 screen fades out. A splash screen is useful to avoid any visual
54                 gap between the end of Android's launch screen and the painting of
55                 Flutter's first frame.
56            -->
57            <meta-data
57-->src\main\AndroidManifest.xml:33:13-36:17
58                android:name="io.flutter.embedding.android.SplashScreenDrawable"
58-->src\main\AndroidManifest.xml:34:15-79
59                android:resource="@drawable/launch_background" />
59-->src\main\AndroidManifest.xml:35:15-61
60
61            <intent-filter>
61-->src\main\AndroidManifest.xml:37:13-40:29
62                <action android:name="android.intent.action.MAIN" />
62-->src\main\AndroidManifest.xml:38:17-68
62-->src\main\AndroidManifest.xml:38:25-66
63
64                <category android:name="android.intent.category.LAUNCHER" />
64-->src\main\AndroidManifest.xml:39:17-76
64-->src\main\AndroidManifest.xml:39:27-74
65            </intent-filter>
66            <intent-filter>
66-->src\main\AndroidManifest.xml:41:13-44:29
67                <action android:name="FLUTTER_NOTIFICATION_CLICK" />
67-->src\main\AndroidManifest.xml:42:17-69
67-->src\main\AndroidManifest.xml:42:25-66
68
69                <category android:name="android.intent.category.DEFAULT" />
69-->src\main\AndroidManifest.xml:43:17-76
69-->src\main\AndroidManifest.xml:43:27-73
70            </intent-filter>
71        </activity>
72        <!--
73             Don't delete the meta-data below.
74             This is used by the Flutter tool to generate GeneratedPluginRegistrant.java
75        -->
76        <meta-data
76-->src\main\AndroidManifest.xml:48:9-50:33
77            android:name="flutterEmbedding"
77-->src\main\AndroidManifest.xml:49:13-44
78            android:value="2" />
78-->src\main\AndroidManifest.xml:50:13-30
79
80        <service
80-->[:firebase_storage] AndroidManifest.xml:8:9-12:19
81            android:name="com.google.firebase.components.ComponentDiscoveryService"
81-->[:firebase_storage] AndroidManifest.xml:8:18-89
82            android:directBootAware="true"
82-->[com.google.firebase:firebase-common:19.4.0] AndroidManifest.xml:35:13-43
83            android:exported="false" >
83-->[com.google.firebase:firebase-auth:20.0.1] AndroidManifest.xml:76:13-37
84            <meta-data
84-->[:firebase_storage] AndroidManifest.xml:9:13-11:85
85                android:name="com.google.firebase.components:io.flutter.plugins.firebase.storage.FlutterFirebaseAppRegistrar"
85-->[:firebase_storage] AndroidManifest.xml:10:17-126
86                android:value="com.google.firebase.components.ComponentRegistrar" />
86-->[:firebase_storage] AndroidManifest.xml:11:17-82
87            <meta-data
87-->[:firebase_messaging] AndroidManifest.xml:14:13-16:85
88                android:name="com.google.firebase.components:io.flutter.plugins.firebasemessaging.FlutterFirebaseAppRegistrar"
88-->[:firebase_messaging] AndroidManifest.xml:15:17-127
89                android:value="com.google.firebase.components.ComponentRegistrar" />
89-->[:firebase_messaging] AndroidManifest.xml:16:17-82
90            <meta-data
90-->[:cloud_firestore] AndroidManifest.xml:9:13-11:85
91                android:name="com.google.firebase.components:io.flutter.plugins.firebase.firestore.FlutterFirebaseFirestoreRegistrar"
91-->[:cloud_firestore] AndroidManifest.xml:10:17-134
92                android:value="com.google.firebase.components.ComponentRegistrar" />
92-->[:cloud_firestore] AndroidManifest.xml:11:17-82
93            <meta-data
93-->[:firebase_auth] AndroidManifest.xml:9:13-11:85
94                android:name="com.google.firebase.components:io.flutter.plugins.firebase.auth.FlutterFirebaseAuthRegistrar"
94-->[:firebase_auth] AndroidManifest.xml:10:17-124
95                android:value="com.google.firebase.components.ComponentRegistrar" />
95-->[:firebase_auth] AndroidManifest.xml:11:17-82
96            <meta-data
96-->[:firebase_core] AndroidManifest.xml:9:13-11:85
97                android:name="com.google.firebase.components:io.flutter.plugins.firebase.core.FlutterFirebaseCoreRegistrar"
97-->[:firebase_core] AndroidManifest.xml:10:17-124
98                android:value="com.google.firebase.components.ComponentRegistrar" />
98-->[:firebase_core] AndroidManifest.xml:11:17-82
99            <meta-data
99-->[:firebase_analytics] AndroidManifest.xml:13:13-15:85
100                android:name="com.google.firebase.components:io.flutter.plugins.firebaseanalytics.FlutterFirebaseAppRegistrar"
100-->[:firebase_analytics] AndroidManifest.xml:14:17-127
101                android:value="com.google.firebase.components.ComponentRegistrar" />
101-->[:firebase_analytics] AndroidManifest.xml:15:17-82
102            <meta-data
102-->[com.google.firebase:firebase-auth:20.0.1] AndroidManifest.xml:77:13-79:85
103                android:name="com.google.firebase.components:com.google.firebase.auth.FirebaseAuthRegistrar"
103-->[com.google.firebase:firebase-auth:20.0.1] AndroidManifest.xml:78:17-109
104                android:value="com.google.firebase.components.ComponentRegistrar" />
104-->[com.google.firebase:firebase-auth:20.0.1] AndroidManifest.xml:79:17-82
105            <meta-data
105-->[com.google.firebase:firebase-messaging:21.0.0] AndroidManifest.xml:39:13-41:85
106                android:name="com.google.firebase.components:com.google.firebase.messaging.FirebaseMessagingRegistrar"
106-->[com.google.firebase:firebase-messaging:21.0.0] AndroidManifest.xml:40:17-119
107                android:value="com.google.firebase.components.ComponentRegistrar" />
107-->[com.google.firebase:firebase-messaging:21.0.0] AndroidManifest.xml:41:17-82
108            <meta-data
108-->[com.google.firebase:firebase-iid:21.0.0] AndroidManifest.xml:32:13-34:85
109                android:name="com.google.firebase.components:com.google.firebase.iid.Registrar"
109-->[com.google.firebase:firebase-iid:21.0.0] AndroidManifest.xml:33:17-96
110                android:value="com.google.firebase.components.ComponentRegistrar" />
110-->[com.google.firebase:firebase-iid:21.0.0] AndroidManifest.xml:34:17-82
111            <meta-data
111-->[com.google.firebase:firebase-firestore:22.0.0] AndroidManifest.xml:20:13-22:85
112                android:name="com.google.firebase.components:com.google.firebase.firestore.FirestoreRegistrar"
112-->[com.google.firebase:firebase-firestore:22.0.0] AndroidManifest.xml:21:17-111
113                android:value="com.google.firebase.components.ComponentRegistrar" />
113-->[com.google.firebase:firebase-firestore:22.0.0] AndroidManifest.xml:22:17-82
114            <meta-data
114-->[com.google.firebase:firebase-storage:19.2.0] AndroidManifest.xml:33:13-35:85
115                android:name="com.google.firebase.components:com.google.firebase.storage.StorageRegistrar"
115-->[com.google.firebase:firebase-storage:19.2.0] AndroidManifest.xml:34:17-107
116                android:value="com.google.firebase.components.ComponentRegistrar" />
116-->[com.google.firebase:firebase-storage:19.2.0] AndroidManifest.xml:35:17-82
117            <meta-data
117-->[com.google.android.gms:play-services-measurement-api:18.0.0] AndroidManifest.xml:30:13-32:85
118                android:name="com.google.firebase.components:com.google.firebase.analytics.connector.internal.AnalyticsConnectorRegistrar"
118-->[com.google.android.gms:play-services-measurement-api:18.0.0] AndroidManifest.xml:31:17-139
119                android:value="com.google.firebase.components.ComponentRegistrar" />
119-->[com.google.android.gms:play-services-measurement-api:18.0.0] AndroidManifest.xml:32:17-82
120            <meta-data
120-->[com.google.firebase:firebase-datatransport:17.0.3] AndroidManifest.xml:28:13-30:85
121                android:name="com.google.firebase.components:com.google.firebase.datatransport.TransportRegistrar"
121-->[com.google.firebase:firebase-datatransport:17.0.3] AndroidManifest.xml:29:17-115
122                android:value="com.google.firebase.components.ComponentRegistrar" />
122-->[com.google.firebase:firebase-datatransport:17.0.3] AndroidManifest.xml:30:17-82
123            <meta-data
123-->[com.google.firebase:firebase-installations:16.3.4] AndroidManifest.xml:18:13-20:85
124                android:name="com.google.firebase.components:com.google.firebase.installations.FirebaseInstallationsRegistrar"
124-->[com.google.firebase:firebase-installations:16.3.4] AndroidManifest.xml:19:17-127
125                android:value="com.google.firebase.components.ComponentRegistrar" />
125-->[com.google.firebase:firebase-installations:16.3.4] AndroidManifest.xml:20:17-82
126        </service>
127        <service android:name="io.flutter.plugins.firebasemessaging.FlutterFirebaseMessagingService" >
127-->[:firebase_messaging] AndroidManifest.xml:8:9-12:19
127-->[:firebase_messaging] AndroidManifest.xml:8:18-101
128            <intent-filter>
128-->[:firebase_messaging] AndroidManifest.xml:9:13-11:29
129                <action android:name="com.google.firebase.MESSAGING_EVENT" />
129-->[:firebase_messaging] AndroidManifest.xml:10:17-78
129-->[:firebase_messaging] AndroidManifest.xml:10:25-75
130            </intent-filter>
131        </service>
132
133        <provider
133-->[:image_picker] AndroidManifest.xml:11:9-19:20
134            android:name="io.flutter.plugins.imagepicker.ImagePickerFileProvider"
134-->[:image_picker] AndroidManifest.xml:12:13-82
135            android:authorities="com.example.Social_Spark.flutter.image_provider"
135-->[:image_picker] AndroidManifest.xml:13:13-74
136            android:exported="false"
136-->[:image_picker] AndroidManifest.xml:14:13-37
137            android:grantUriPermissions="true" >
137-->[:image_picker] AndroidManifest.xml:15:13-47
138            <meta-data
138-->[:image_picker] AndroidManifest.xml:16:13-18:75
139                android:name="android.support.FILE_PROVIDER_PATHS"
139-->[:image_picker] AndroidManifest.xml:17:17-67
140                android:resource="@xml/flutter_image_picker_file_paths" />
140-->[:image_picker] AndroidManifest.xml:18:17-72
141        </provider>
142
143        <activity
143-->[:url_launcher] AndroidManifest.xml:8:9-11:74
144            android:name="io.flutter.plugins.urllauncher.WebViewActivity"
144-->[:url_launcher] AndroidManifest.xml:9:13-74
145            android:exported="false"
145-->[:url_launcher] AndroidManifest.xml:10:13-37
146            android:theme="@android:style/Theme.NoTitleBar.Fullscreen" />
146-->[:url_launcher] AndroidManifest.xml:11:13-71
147        <activity
147-->[com.google.firebase:firebase-auth:20.0.1] AndroidManifest.xml:27:9-44:20
148            android:name="com.google.firebase.auth.internal.GenericIdpActivity"
148-->[com.google.firebase:firebase-auth:20.0.1] AndroidManifest.xml:28:13-80
149            android:excludeFromRecents="true"
149-->[com.google.firebase:firebase-auth:20.0.1] AndroidManifest.xml:29:13-46
150            android:exported="true"
150-->[com.google.firebase:firebase-auth:20.0.1] AndroidManifest.xml:30:13-36
151            android:launchMode="singleTask"
151-->[com.google.firebase:firebase-auth:20.0.1] AndroidManifest.xml:31:13-44
152            android:theme="@android:style/Theme.Translucent.NoTitleBar" >
152-->[com.google.firebase:firebase-auth:20.0.1] AndroidManifest.xml:32:13-72
153            <intent-filter>
153-->[com.google.firebase:firebase-auth:20.0.1] AndroidManifest.xml:33:13-43:29
154                <action android:name="android.intent.action.VIEW" />
154-->[com.google.firebase:firebase-auth:20.0.1] AndroidManifest.xml:34:17-69
154-->[com.google.firebase:firebase-auth:20.0.1] AndroidManifest.xml:34:25-66
155
156                <category android:name="android.intent.category.DEFAULT" />
156-->src\main\AndroidManifest.xml:43:17-76
156-->src\main\AndroidManifest.xml:43:27-73
157                <category android:name="android.intent.category.BROWSABLE" />
157-->[com.google.firebase:firebase-auth:20.0.1] AndroidManifest.xml:37:17-78
157-->[com.google.firebase:firebase-auth:20.0.1] AndroidManifest.xml:37:27-75
158
159                <data
159-->[com.google.firebase:firebase-auth:20.0.1] AndroidManifest.xml:39:17-42:51
160                    android:host="firebase.auth"
160-->[com.google.firebase:firebase-auth:20.0.1] AndroidManifest.xml:40:21-49
161                    android:path="/"
161-->[com.google.firebase:firebase-auth:20.0.1] AndroidManifest.xml:41:21-37
162                    android:scheme="genericidp" />
162-->[com.google.firebase:firebase-auth:20.0.1] AndroidManifest.xml:42:21-48
163            </intent-filter>
164        </activity>
165        <activity
165-->[com.google.firebase:firebase-auth:20.0.1] AndroidManifest.xml:45:9-62:20
166            android:name="com.google.firebase.auth.internal.RecaptchaActivity"
166-->[com.google.firebase:firebase-auth:20.0.1] AndroidManifest.xml:46:13-79
167            android:excludeFromRecents="true"
167-->[com.google.firebase:firebase-auth:20.0.1] AndroidManifest.xml:47:13-46
168            android:exported="true"
168-->[com.google.firebase:firebase-auth:20.0.1] AndroidManifest.xml:48:13-36
169            android:launchMode="singleTask"
169-->[com.google.firebase:firebase-auth:20.0.1] AndroidManifest.xml:49:13-44
170            android:theme="@android:style/Theme.Translucent.NoTitleBar" >
170-->[com.google.firebase:firebase-auth:20.0.1] AndroidManifest.xml:50:13-72
171            <intent-filter>
171-->[com.google.firebase:firebase-auth:20.0.1] AndroidManifest.xml:51:13-61:29
172                <action android:name="android.intent.action.VIEW" />
172-->[com.google.firebase:firebase-auth:20.0.1] AndroidManifest.xml:34:17-69
172-->[com.google.firebase:firebase-auth:20.0.1] AndroidManifest.xml:34:25-66
173
174                <category android:name="android.intent.category.DEFAULT" />
174-->src\main\AndroidManifest.xml:43:17-76
174-->src\main\AndroidManifest.xml:43:27-73
175                <category android:name="android.intent.category.BROWSABLE" />
175-->[com.google.firebase:firebase-auth:20.0.1] AndroidManifest.xml:37:17-78
175-->[com.google.firebase:firebase-auth:20.0.1] AndroidManifest.xml:37:27-75
176
177                <data
177-->[com.google.firebase:firebase-auth:20.0.1] AndroidManifest.xml:39:17-42:51
178                    android:host="firebase.auth"
178-->[com.google.firebase:firebase-auth:20.0.1] AndroidManifest.xml:40:21-49
179                    android:path="/"
179-->[com.google.firebase:firebase-auth:20.0.1] AndroidManifest.xml:41:21-37
180                    android:scheme="recaptcha" />
180-->[com.google.firebase:firebase-auth:20.0.1] AndroidManifest.xml:42:21-48
181            </intent-filter>
182        </activity>
183
184        <service
184-->[com.google.firebase:firebase-auth:20.0.1] AndroidManifest.xml:64:9-73:19
185            android:name="com.google.firebase.auth.api.fallback.service.FirebaseAuthFallbackService"
185-->[com.google.firebase:firebase-auth:20.0.1] AndroidManifest.xml:65:13-101
186            android:enabled="true"
186-->[com.google.firebase:firebase-auth:20.0.1] AndroidManifest.xml:66:13-35
187            android:exported="false" >
187-->[com.google.firebase:firebase-auth:20.0.1] AndroidManifest.xml:67:13-37
188            <intent-filter>
188-->[com.google.firebase:firebase-auth:20.0.1] AndroidManifest.xml:68:13-72:29
189                <action android:name="com.google.firebase.auth.api.gms.service.START" />
189-->[com.google.firebase:firebase-auth:20.0.1] AndroidManifest.xml:69:17-89
189-->[com.google.firebase:firebase-auth:20.0.1] AndroidManifest.xml:69:25-86
190
191                <category android:name="android.intent.category.DEFAULT" />
191-->src\main\AndroidManifest.xml:43:17-76
191-->src\main\AndroidManifest.xml:43:27-73
192            </intent-filter>
193        </service>
194        <!--
195             FirebaseMessagingService performs security checks at runtime,
196             but set to not exported to explicitly avoid allowing another app to call it.
197        -->
198        <service
198-->[com.google.firebase:firebase-messaging:21.0.0] AndroidManifest.xml:28:9-35:19
199            android:name="com.google.firebase.messaging.FirebaseMessagingService"
199-->[com.google.firebase:firebase-messaging:21.0.0] AndroidManifest.xml:29:13-82
200            android:directBootAware="true"
200-->[com.google.firebase:firebase-messaging:21.0.0] AndroidManifest.xml:30:13-43
201            android:exported="false" >
201-->[com.google.firebase:firebase-messaging:21.0.0] AndroidManifest.xml:31:13-37
202            <intent-filter android:priority="-500" >
202-->[:firebase_messaging] AndroidManifest.xml:9:13-11:29
203                <action android:name="com.google.firebase.MESSAGING_EVENT" />
203-->[:firebase_messaging] AndroidManifest.xml:10:17-78
203-->[:firebase_messaging] AndroidManifest.xml:10:25-75
204            </intent-filter>
205        </service>
206
207        <receiver
207-->[com.google.firebase:firebase-iid:21.0.0] AndroidManifest.xml:37:9-44:20
208            android:name="com.google.firebase.iid.FirebaseInstanceIdReceiver"
208-->[com.google.firebase:firebase-iid:21.0.0] AndroidManifest.xml:38:13-78
209            android:exported="true"
209-->[com.google.firebase:firebase-iid:21.0.0] AndroidManifest.xml:39:13-36
210            android:permission="com.google.android.c2dm.permission.SEND" >
210-->[com.google.firebase:firebase-iid:21.0.0] AndroidManifest.xml:40:13-73
211            <intent-filter>
211-->[com.google.firebase:firebase-iid:21.0.0] AndroidManifest.xml:41:13-43:29
212                <action android:name="com.google.android.c2dm.intent.RECEIVE" />
212-->[com.google.firebase:firebase-iid:21.0.0] AndroidManifest.xml:42:17-81
212-->[com.google.firebase:firebase-iid:21.0.0] AndroidManifest.xml:42:25-78
213            </intent-filter>
214        </receiver>
215
216        <provider
216-->[com.google.firebase:firebase-common:19.4.0] AndroidManifest.xml:26:9-31:39
217            android:name="com.google.firebase.provider.FirebaseInitProvider"
217-->[com.google.firebase:firebase-common:19.4.0] AndroidManifest.xml:27:13-77
218            android:authorities="com.example.Social_Spark.firebaseinitprovider"
218-->[com.google.firebase:firebase-common:19.4.0] AndroidManifest.xml:28:13-72
219            android:directBootAware="true"
219-->[com.google.firebase:firebase-common:19.4.0] AndroidManifest.xml:29:13-43
220            android:exported="false"
220-->[com.google.firebase:firebase-common:19.4.0] AndroidManifest.xml:30:13-37
221            android:initOrder="100" />
221-->[com.google.firebase:firebase-common:19.4.0] AndroidManifest.xml:31:13-36
222
223        <receiver
223-->[com.google.android.gms:play-services-measurement:18.0.0] AndroidManifest.xml:29:9-33:20
224            android:name="com.google.android.gms.measurement.AppMeasurementReceiver"
224-->[com.google.android.gms:play-services-measurement:18.0.0] AndroidManifest.xml:30:13-85
225            android:enabled="true"
225-->[com.google.android.gms:play-services-measurement:18.0.0] AndroidManifest.xml:31:13-35
226            android:exported="false" >
226-->[com.google.android.gms:play-services-measurement:18.0.0] AndroidManifest.xml:32:13-37
227        </receiver>
228
229        <service
229-->[com.google.android.gms:play-services-measurement:18.0.0] AndroidManifest.xml:35:9-38:40
230            android:name="com.google.android.gms.measurement.AppMeasurementService"
230-->[com.google.android.gms:play-services-measurement:18.0.0] AndroidManifest.xml:36:13-84
231            android:enabled="true"
231-->[com.google.android.gms:play-services-measurement:18.0.0] AndroidManifest.xml:37:13-35
232            android:exported="false" />
232-->[com.google.android.gms:play-services-measurement:18.0.0] AndroidManifest.xml:38:13-37
233        <service
233-->[com.google.android.gms:play-services-measurement:18.0.0] AndroidManifest.xml:39:9-43:72
234            android:name="com.google.android.gms.measurement.AppMeasurementJobService"
234-->[com.google.android.gms:play-services-measurement:18.0.0] AndroidManifest.xml:40:13-87
235            android:enabled="true"
235-->[com.google.android.gms:play-services-measurement:18.0.0] AndroidManifest.xml:41:13-35
236            android:exported="false"
236-->[com.google.android.gms:play-services-measurement:18.0.0] AndroidManifest.xml:42:13-37
237            android:permission="android.permission.BIND_JOB_SERVICE" />
237-->[com.google.android.gms:play-services-measurement:18.0.0] AndroidManifest.xml:43:13-69
238
239        <activity
239-->[com.google.android.gms:play-services-base:17.1.0] AndroidManifest.xml:23:9-26:75
240            android:name="com.google.android.gms.common.api.GoogleApiActivity"
240-->[com.google.android.gms:play-services-base:17.1.0] AndroidManifest.xml:24:13-79
241            android:exported="false"
241-->[com.google.android.gms:play-services-base:17.1.0] AndroidManifest.xml:25:13-37
242            android:theme="@android:style/Theme.Translucent.NoTitleBar" />
242-->[com.google.android.gms:play-services-base:17.1.0] AndroidManifest.xml:26:13-72
243
244        <meta-data
244-->[com.google.android.gms:play-services-basement:17.1.0] AndroidManifest.xml:23:9-25:69
245            android:name="com.google.android.gms.version"
245-->[com.google.android.gms:play-services-basement:17.1.0] AndroidManifest.xml:24:13-58
246            android:value="@integer/google_play_services_version" />
246-->[com.google.android.gms:play-services-basement:17.1.0] AndroidManifest.xml:25:13-66
247
248        <service
248-->[com.google.android.datatransport:transport-backend-cct:2.2.0] AndroidManifest.xml:29:9-35:19
249            android:name="com.google.android.datatransport.runtime.backends.TransportBackendDiscovery"
249-->[com.google.android.datatransport:transport-backend-cct:2.2.0] AndroidManifest.xml:30:13-103
250            android:exported="false" >
250-->[com.google.android.datatransport:transport-backend-cct:2.2.0] AndroidManifest.xml:31:13-37
251            <meta-data
251-->[com.google.android.datatransport:transport-backend-cct:2.2.0] AndroidManifest.xml:32:13-34:39
252                android:name="backend:com.google.android.datatransport.cct.CctBackendFactory"
252-->[com.google.android.datatransport:transport-backend-cct:2.2.0] AndroidManifest.xml:33:17-94
253                android:value="cct" />
253-->[com.google.android.datatransport:transport-backend-cct:2.2.0] AndroidManifest.xml:34:17-36
254        </service>
255        <service
255-->[com.google.android.datatransport:transport-runtime:2.2.0] AndroidManifest.xml:26:9-30:19
256            android:name="com.google.android.datatransport.runtime.scheduling.jobscheduling.JobInfoSchedulerService"
256-->[com.google.android.datatransport:transport-runtime:2.2.0] AndroidManifest.xml:27:13-117
257            android:exported="false"
257-->[com.google.android.datatransport:transport-runtime:2.2.0] AndroidManifest.xml:28:13-37
258            android:permission="android.permission.BIND_JOB_SERVICE" >
258-->[com.google.android.datatransport:transport-runtime:2.2.0] AndroidManifest.xml:29:13-69
259        </service>
260
261        <receiver
261-->[com.google.android.datatransport:transport-runtime:2.2.0] AndroidManifest.xml:32:9-34:40
262            android:name="com.google.android.datatransport.runtime.scheduling.jobscheduling.AlarmManagerSchedulerBroadcastReceiver"
262-->[com.google.android.datatransport:transport-runtime:2.2.0] AndroidManifest.xml:33:13-132
263            android:exported="false" />
263-->[com.google.android.datatransport:transport-runtime:2.2.0] AndroidManifest.xml:34:13-37
264    </application>
265
266</manifest>